<?xml version="1.0" encoding="UTF-8"?>
<testng-results ignored="0" total="1" passed="1" failed="0" skipped="0">
  <reporter-output>
  </reporter-output>
  <suite started-at="2024-01-09T07:52:55 IST" name="Default suite" finished-at="2024-01-09T07:53:48 IST" duration-ms="52754">
    <groups>
    </groups>
    <test started-at="2024-01-09T07:52:55 IST" name="Default test" finished-at="2024-01-09T07:53:48 IST" duration-ms="52754">
      <class name="com.automation.qa.testcases.loginWithInvalidCredentials">
        <test-method is-config="true" signature="beforeTest()[pri:0, instance:com.automation.qa.testcases.loginWithInvalidCredentials@6e6f2380]" started-at="2024-01-09T07:52:55 IST" name="beforeTest" finished-at="2024-01-09T07:53:47 IST" duration-ms="51540" status="PASS">
          <reporter-output>
          </reporter-output>
        </test-method> <!-- beforeTest -->
        <test-method signature="validateLoginWithInvalidCredentials()[pri:8, instance:com.automation.qa.testcases.loginWithInvalidCredentials@6e6f2380]" started-at="2024-01-09T07:53:47 IST" name="validateLoginWithInvalidCredentials" finished-at="2024-01-09T07:53:47 IST" duration-ms="710" status="PASS">
          <reporter-output>
          </reporter-output>
        </test-method> <!-- validateLoginWithInvalidCredentials -->
        <test-method is-config="true" signature="afterMethod()[pri:0, instance:com.automation.qa.testcases.loginWithInvalidCredentials@6e6f2380]" started-at="2024-01-09T07:53:47 IST" name="afterMethod" finished-at="2024-01-09T07:53:48 IST" duration-ms="414" status="PASS">
          <reporter-output>
          </reporter-output>
        </test-method> <!-- afterMethod -->
      </class> <!-- com.automation.qa.testcases.loginWithInvalidCredentials -->
    </test> <!-- Default test -->
  </suite> <!-- Default suite -->
</testng-results>
